<?xml version="1.0" encoding="UTF-8"?>
<testsuite xmlns:xsi="http://www.w3.org/2001/XMLSchema-instance" xsi:noNamespaceSchemaLocation="https://maven.apache.org/surefire/maven-surefire-plugin/xsd/surefire-test-report.xsd" name="atapikarate.AtApiKarateTest" time="4.194" tests="1" errors="0" skipped="0" failures="0">
  <properties>
    <property name="java.specification.version" value="15"/>
    <property name="sun.jnu.encoding" value="UTF-8"/>
    <property name="java.class.path" value="/Users/mekari/Documents/learn-atapi-karate/atapi-karate/target/test-classes:/Users/mekari/Documents/learn-atapi-karate/atapi-karate/target/classes:/Users/mekari/.m2/repository/com/fasterxml/jackson/core/jackson-core/2.12.0/jackson-core-2.12.0.jar:/Users/mekari/.m2/repository/com/github/java-json-tools/json-schema-validator/2.2.8/json-schema-validator-2.2.8.jar:/Users/mekari/.m2/repository/com/github/java-json-tools/json-schema-core/1.2.8/json-schema-core-1.2.8.jar:/Users/mekari/.m2/repository/org/mozilla/rhino/1.7R4/rhino-1.7R4.jar:/Users/mekari/.m2/repository/com/github/fge/jackson-coreutils/1.8/jackson-coreutils-1.8.jar:/Users/mekari/.m2/repository/com/github/fge/msg-simple/1.1/msg-simple-1.1.jar:/Users/mekari/.m2/repository/com/github/fge/btf/1.2/btf-1.2.jar:/Users/mekari/.m2/repository/com/fasterxml/jackson/core/jackson-databind/2.2.3/jackson-databind-2.2.3.jar:/Users/mekari/.m2/repository/com/fasterxml/jackson/core/jackson-annotations/2.2.3/jackson-annotations-2.2.3.jar:/Users/mekari/.m2/repository/com/google/guava/guava/16.0.1/guava-16.0.1.jar:/Users/mekari/.m2/repository/com/github/fge/uri-template/0.9/uri-template-0.9.jar:/Users/mekari/.m2/repository/javax/mail/mailapi/1.4.3/mailapi-1.4.3.jar:/Users/mekari/.m2/repository/javax/activation/activation/1.1/activation-1.1.jar:/Users/mekari/.m2/repository/joda-time/joda-time/2.9.7/joda-time-2.9.7.jar:/Users/mekari/.m2/repository/com/googlecode/libphonenumber/libphonenumber/8.0.0/libphonenumber-8.0.0.jar:/Users/mekari/.m2/repository/com/google/code/findbugs/jsr305/3.0.1/jsr305-3.0.1.jar:/Users/mekari/.m2/repository/net/sf/jopt-simple/jopt-simple/5.0.3/jopt-simple-5.0.3.jar:/Users/mekari/.m2/repository/com/intuit/karate/karate-junit5/1.1.0/karate-junit5-1.1.0.jar:/Users/mekari/.m2/repository/com/intuit/karate/karate-core/1.1.0/karate-core-1.1.0.jar:/Users/mekari/.m2/repository/org/graalvm/js/js-scriptengine/21.2.0/js-scriptengine-21.2.0.jar:/Users/mekari/.m2/repository/org/graalvm/sdk/graal-sdk/21.2.0/graal-sdk-21.2.0.jar:/Users/mekari/.m2/repository/org/graalvm/js/js/21.2.0/js-21.2.0.jar:/Users/mekari/.m2/repository/org/graalvm/regex/regex/21.2.0/regex-21.2.0.jar:/Users/mekari/.m2/repository/org/graalvm/truffle/truffle-api/21.2.0/truffle-api-21.2.0.jar:/Users/mekari/.m2/repository/com/ibm/icu/icu4j/69.1/icu4j-69.1.jar:/Users/mekari/.m2/repository/ch/qos/logback/logback-classic/1.2.3/logback-classic-1.2.3.jar:/Users/mekari/.m2/repository/ch/qos/logback/logback-core/1.2.3/logback-core-1.2.3.jar:/Users/mekari/.m2/repository/org/slf4j/slf4j-api/1.7.25/slf4j-api-1.7.25.jar:/Users/mekari/.m2/repository/org/slf4j/jcl-over-slf4j/1.7.25/jcl-over-slf4j-1.7.25.jar:/Users/mekari/.m2/repository/com/jayway/jsonpath/json-path/2.6.0/json-path-2.6.0.jar:/Users/mekari/.m2/repository/net/minidev/json-smart/2.4.7/json-smart-2.4.7.jar:/Users/mekari/.m2/repository/net/minidev/accessors-smart/2.4.7/accessors-smart-2.4.7.jar:/Users/mekari/.m2/repository/org/ow2/asm/asm/9.1/asm-9.1.jar:/Users/mekari/.m2/repository/info/cukes/cucumber-java/1.2.5/cucumber-java-1.2.5.jar:/Users/mekari/.m2/repository/info/cukes/cucumber-core/1.2.5/cucumber-core-1.2.5.jar:/Users/mekari/.m2/repository/org/yaml/snakeyaml/1.29/snakeyaml-1.29.jar:/Users/mekari/.m2/repository/de/siegmar/fastcsv/2.0.0/fastcsv-2.0.0.jar:/Users/mekari/.m2/repository/info/picocli/picocli/4.6.1/picocli-4.6.1.jar:/Users/mekari/.m2/repository/org/junit/jupiter/junit-jupiter-api/5.7.2/junit-jupiter-api-5.7.2.jar:/Users/mekari/.m2/repository/org/apiguardian/apiguardian-api/1.1.0/apiguardian-api-1.1.0.jar:/Users/mekari/.m2/repository/org/opentest4j/opentest4j/1.2.0/opentest4j-1.2.0.jar:/Users/mekari/.m2/repository/org/junit/platform/junit-platform-commons/1.7.2/junit-platform-commons-1.7.2.jar:/Users/mekari/.m2/repository/org/junit/jupiter/junit-jupiter-engine/5.7.2/junit-jupiter-engine-5.7.2.jar:/Users/mekari/.m2/repository/org/junit/platform/junit-platform-engine/1.7.2/junit-platform-engine-1.7.2.jar:"/>
    <property name="java.vm.vendor" value="Oracle Corporation"/>
    <property name="sun.arch.data.model" value="64"/>
    <property name="java.vendor.url" value="https://java.oracle.com/"/>
    <property name="os.name" value="Mac OS X"/>
    <property name="java.vm.specification.version" value="15"/>
    <property name="sun.java.launcher" value="SUN_STANDARD"/>
    <property name="user.country" value="US"/>
    <property name="sun.boot.library.path" value="/Library/Java/JavaVirtualMachines/jdk-15.0.2.jdk/Contents/Home/lib"/>
    <property name="sun.java.command" value="/Users/mekari/Documents/learn-atapi-karate/atapi-karate/target/surefire/surefirebooter9603765287591991683.jar /Users/mekari/Documents/learn-atapi-karate/atapi-karate/target/surefire 2021-10-09T23-51-24_209-jvmRun1 surefire9140538568460602584tmp surefire_016158923713965563696tmp"/>
    <property name="http.nonProxyHosts" value="local|*.local|169.254/16|*.169.254/16"/>
    <property name="jdk.debug" value="release"/>
    <property name="surefire.test.class.path" value="/Users/mekari/Documents/learn-atapi-karate/atapi-karate/target/test-classes:/Users/mekari/Documents/learn-atapi-karate/atapi-karate/target/classes:/Users/mekari/.m2/repository/com/fasterxml/jackson/core/jackson-core/2.12.0/jackson-core-2.12.0.jar:/Users/mekari/.m2/repository/com/github/java-json-tools/json-schema-validator/2.2.8/json-schema-validator-2.2.8.jar:/Users/mekari/.m2/repository/com/github/java-json-tools/json-schema-core/1.2.8/json-schema-core-1.2.8.jar:/Users/mekari/.m2/repository/org/mozilla/rhino/1.7R4/rhino-1.7R4.jar:/Users/mekari/.m2/repository/com/github/fge/jackson-coreutils/1.8/jackson-coreutils-1.8.jar:/Users/mekari/.m2/repository/com/github/fge/msg-simple/1.1/msg-simple-1.1.jar:/Users/mekari/.m2/repository/com/github/fge/btf/1.2/btf-1.2.jar:/Users/mekari/.m2/repository/com/fasterxml/jackson/core/jackson-databind/2.2.3/jackson-databind-2.2.3.jar:/Users/mekari/.m2/repository/com/fasterxml/jackson/core/jackson-annotations/2.2.3/jackson-annotations-2.2.3.jar:/Users/mekari/.m2/repository/com/google/guava/guava/16.0.1/guava-16.0.1.jar:/Users/mekari/.m2/repository/com/github/fge/uri-template/0.9/uri-template-0.9.jar:/Users/mekari/.m2/repository/javax/mail/mailapi/1.4.3/mailapi-1.4.3.jar:/Users/mekari/.m2/repository/javax/activation/activation/1.1/activation-1.1.jar:/Users/mekari/.m2/repository/joda-time/joda-time/2.9.7/joda-time-2.9.7.jar:/Users/mekari/.m2/repository/com/googlecode/libphonenumber/libphonenumber/8.0.0/libphonenumber-8.0.0.jar:/Users/mekari/.m2/repository/com/google/code/findbugs/jsr305/3.0.1/jsr305-3.0.1.jar:/Users/mekari/.m2/repository/net/sf/jopt-simple/jopt-simple/5.0.3/jopt-simple-5.0.3.jar:/Users/mekari/.m2/repository/com/intuit/karate/karate-junit5/1.1.0/karate-junit5-1.1.0.jar:/Users/mekari/.m2/repository/com/intuit/karate/karate-core/1.1.0/karate-core-1.1.0.jar:/Users/mekari/.m2/repository/org/graalvm/js/js-scriptengine/21.2.0/js-scriptengine-21.2.0.jar:/Users/mekari/.m2/repository/org/graalvm/sdk/graal-sdk/21.2.0/graal-sdk-21.2.0.jar:/Users/mekari/.m2/repository/org/graalvm/js/js/21.2.0/js-21.2.0.jar:/Users/mekari/.m2/repository/org/graalvm/regex/regex/21.2.0/regex-21.2.0.jar:/Users/mekari/.m2/repository/org/graalvm/truffle/truffle-api/21.2.0/truffle-api-21.2.0.jar:/Users/mekari/.m2/repository/com/ibm/icu/icu4j/69.1/icu4j-69.1.jar:/Users/mekari/.m2/repository/ch/qos/logback/logback-classic/1.2.3/logback-classic-1.2.3.jar:/Users/mekari/.m2/repository/ch/qos/logback/logback-core/1.2.3/logback-core-1.2.3.jar:/Users/mekari/.m2/repository/org/slf4j/slf4j-api/1.7.25/slf4j-api-1.7.25.jar:/Users/mekari/.m2/repository/org/slf4j/jcl-over-slf4j/1.7.25/jcl-over-slf4j-1.7.25.jar:/Users/mekari/.m2/repository/com/jayway/jsonpath/json-path/2.6.0/json-path-2.6.0.jar:/Users/mekari/.m2/repository/net/minidev/json-smart/2.4.7/json-smart-2.4.7.jar:/Users/mekari/.m2/repository/net/minidev/accessors-smart/2.4.7/accessors-smart-2.4.7.jar:/Users/mekari/.m2/repository/org/ow2/asm/asm/9.1/asm-9.1.jar:/Users/mekari/.m2/repository/info/cukes/cucumber-java/1.2.5/cucumber-java-1.2.5.jar:/Users/mekari/.m2/repository/info/cukes/cucumber-core/1.2.5/cucumber-core-1.2.5.jar:/Users/mekari/.m2/repository/org/yaml/snakeyaml/1.29/snakeyaml-1.29.jar:/Users/mekari/.m2/repository/de/siegmar/fastcsv/2.0.0/fastcsv-2.0.0.jar:/Users/mekari/.m2/repository/info/picocli/picocli/4.6.1/picocli-4.6.1.jar:/Users/mekari/.m2/repository/org/junit/jupiter/junit-jupiter-api/5.7.2/junit-jupiter-api-5.7.2.jar:/Users/mekari/.m2/repository/org/apiguardian/apiguardian-api/1.1.0/apiguardian-api-1.1.0.jar:/Users/mekari/.m2/repository/org/opentest4j/opentest4j/1.2.0/opentest4j-1.2.0.jar:/Users/mekari/.m2/repository/org/junit/platform/junit-platform-commons/1.7.2/junit-platform-commons-1.7.2.jar:/Users/mekari/.m2/repository/org/junit/jupiter/junit-jupiter-engine/5.7.2/junit-jupiter-engine-5.7.2.jar:/Users/mekari/.m2/repository/org/junit/platform/junit-platform-engine/1.7.2/junit-platform-engine-1.7.2.jar:"/>
    <property name="sun.cpu.endian" value="little"/>
    <property name="user.home" value="/Users/mekari"/>
    <property name="user.language" value="en"/>
    <property name="java.specification.vendor" value="Oracle Corporation"/>
    <property name="java.version.date" value="2021-01-19"/>
    <property name="java.home" value="/Library/Java/JavaVirtualMachines/jdk-15.0.2.jdk/Contents/Home"/>
    <property name="file.separator" value="/"/>
    <property name="basedir" value="/Users/mekari/Documents/learn-atapi-karate/atapi-karate"/>
    <property name="java.vm.compressedOopsMode" value="Zero based"/>
    <property name="line.separator" value="&#10;"/>
    <property name="java.specification.name" value="Java Platform API Specification"/>
    <property name="java.vm.specification.vendor" value="Oracle Corporation"/>
    <property name="surefire.real.class.path" value="/Users/mekari/Documents/learn-atapi-karate/atapi-karate/target/surefire/surefirebooter9603765287591991683.jar"/>
    <property name="sun.management.compiler" value="HotSpot 64-Bit Tiered Compilers"/>
    <property name="ftp.nonProxyHosts" value="local|*.local|169.254/16|*.169.254/16"/>
    <property name="java.runtime.version" value="15.0.2+7-27"/>
    <property name="user.name" value="mekari"/>
    <property name="path.separator" value=":"/>
    <property name="os.version" value="10.16"/>
    <property name="java.runtime.name" value="Java(TM) SE Runtime Environment"/>
    <property name="file.encoding" value="UTF-8"/>
    <property name="java.vm.name" value="Java HotSpot(TM) 64-Bit Server VM"/>
    <property name="localRepository" value="/Users/mekari/.m2/repository"/>
    <property name="java.vendor.url.bug" value="https://bugreport.java.com/bugreport/"/>
    <property name="java.io.tmpdir" value="/var/folders/ym/wq6nxtfn5gz3nj8r550twdrc0000gn/T/"/>
    <property name="java.version" value="15.0.2"/>
    <property name="user.dir" value="/Users/mekari/Documents/learn-atapi-karate/atapi-karate"/>
    <property name="os.arch" value="x86_64"/>
    <property name="java.vm.specification.name" value="Java Virtual Machine Specification"/>
    <property name="java.library.path" value="/Users/mekari/Library/Java/Extensions:/Library/Java/Extensions:/Network/Library/Java/Extensions:/System/Library/Java/Extensions:/usr/lib/java:."/>
    <property name="java.vm.info" value="mixed mode, sharing"/>
    <property name="java.vendor" value="Oracle Corporation"/>
    <property name="java.vm.version" value="15.0.2+7-27"/>
    <property name="sun.io.unicode.encoding" value="UnicodeBig"/>
    <property name="socksNonProxyHosts" value="local|*.local|169.254/16|*.169.254/16"/>
    <property name="java.class.version" value="59.0"/>
  </properties>
  <testcase name="testParallel" classname="atapikarate.AtApiKarateTest" time="4.19"/>
</testsuite>